<?xml version="1.0" encoding="UTF-8"?><testsuite errors="1" failures="0" name="Registration of new user on site" skipped="0" tests="1" time="20.35" timestamp="2017-09-12T14:31:36.175+03:00[Europe/Helsinki]"><testcase name="Verify that user can register on site by submitting registration form"><error message="The following error occurred: Timed out after 2 seconds. Element not available&#10;Build info: version: '3.4.0', revision: 'unknown', time: 'unknown'&#10;System info: host: 'DESKTOP-8JHKO5S', ip: '192.168.1.42', os.name: 'Windows 10', os.arch: 'amd64', os.version: '10.0', java.version: '1.8.0_144'&#10;Driver info: driver.version: unknown&#10;Build info: version: '3.4.0', revision: 'unknown', time: 'unknown'&#10;System info: host: 'DESKTOP-8JHKO5S', ip: '192.168.1.42', os.name: 'Windows 10', os.arch: 'amd64', os.version: '10.0', java.version: '1.8.0_144'&#10;Driver info: driver.version: unknown" type="org.openqa.selenium.ElementNotVisibleException">The following error occurred: Timed out after 2 seconds. Element not available
Build info: version: '3.4.0', revision: 'unknown', time: 'unknown'
System info: host: 'DESKTOP-8JHKO5S', ip: '192.168.1.42', os.name: 'Windows 10', os.arch: 'amd64', os.version: '10.0', java.version: '1.8.0_144'
Driver info: driver.version: unknown
Build info: version: '3.4.0', revision: 'unknown', time: 'unknown'
System info: host: 'DESKTOP-8JHKO5S', ip: '192.168.1.42', os.name: 'Windows 10', os.arch: 'amd64', os.version: '10.0', java.version: '1.8.0_144'
Driver info: driver.version: unknown</error><system-err>The following error occurred: Timed out after 2 seconds. Element not available
Build info: version: '3.4.0', revision: 'unknown', time: 'unknown'
System info: host: 'DESKTOP-8JHKO5S', ip: '192.168.1.42', os.name: 'Windows 10', os.arch: 'amd64', os.version: '10.0', java.version: '1.8.0_144'
Driver info: driver.version: unknown
Build info: version: '3.4.0', revision: 'unknown', time: 'unknown'
System info: host: 'DESKTOP-8JHKO5S', ip: '192.168.1.42', os.name: 'Windows 10', os.arch: 'amd64', os.version: '10.0', java.version: '1.8.0_144'
Driver info: driver.version: unknown&#13;
pages.BasePage.navigateToSignInPage(BasePage.java:36)&#13;
com.tests.steps.RegistrationSteps.navigateToRegistrationPage(RegistrationSteps.java:14)&#13;
com.tests.steps.definitions.RegistrationDefinitionSteps.openRegistrationPage(RegistrationDefinitionSteps.java:17)&#13;
</system-err></testcase></testsuite>